TN:
SF:src/modules/appointments/services/CreateAppointmentService.ts
FN:15,(anonymous_18)
FN:16,CreateAppointmentService
FN:21,(anonymous_20)
FNF:3
FNH:0
FNDA:0,(anonymous_18)
FNDA:0,CreateAppointmentService
FNDA:0,(anonymous_20)
DA:1,0
DA:3,0
DA:4,0
DA:15,0
DA:18,0
DA:21,0
DA:22,0
DA:24,0
DA:27,0
DA:28,0
DA:33,0
DA:38,0
DA:40,0
DA:41,0
LF:14
LH:0
BRDA:27,0,0,0
BRDA:27,0,1,0
BRF:2
BRH:0
end_of_record
TN:
SF:src/modules/users/services/AuthenticateUserService.ts
FN:19,(anonymous_18)
FN:20,AuthenticateUserService
FN:28,(anonymous_20)
FNF:3
FNH:0
FNDA:0,(anonymous_18)
FNDA:0,AuthenticateUserService
FNDA:0,(anonymous_20)
DA:1,0
DA:2,0
DA:3,0
DA:5,0
DA:19,0
DA:22,0
DA:25,0
DA:28,0
DA:29,0
DA:31,0
DA:33,0
DA:37,0
DA:38,0
DA:41,0
DA:46,0
DA:48,0
DA:49,0
LF:17
LH:0
BRDA:29,0,0,0
BRDA:31,1,0,0
BRDA:31,1,1,0
BRDA:37,2,0,0
BRDA:37,2,1,0
BRF:5
BRH:0
end_of_record
TN:
SF:src/modules/users/services/CreateUserService.ts
FN:14,(anonymous_18)
FN:15,CreateUserService
FN:23,(anonymous_20)
FNF:3
FNH:0
FNDA:0,(anonymous_18)
FNDA:0,CreateUserService
FNDA:0,(anonymous_20)
DA:1,0
DA:3,0
DA:14,0
DA:17,0
DA:20,0
DA:23,0
DA:24,0
DA:26,0
DA:27,0
DA:30,0
DA:31,0
DA:36,0
DA:38,0
DA:39,0
LF:14
LH:0
BRDA:24,0,0,0
BRDA:26,1,0,0
BRDA:26,1,1,0
BRF:3
BRH:0
end_of_record
TN:
SF:src/modules/users/services/ResetPasswordService.ts
FN:14,(anonymous_18)
FN:15,ResetPasswordService
FN:26,(anonymous_20)
FNF:3
FNH:0
FNDA:0,(anonymous_18)
FNDA:0,ResetPasswordService
FNDA:0,(anonymous_20)
DA:1,0
DA:2,0
DA:3,0
DA:14,0
DA:17,0
DA:20,0
DA:23,0
DA:26,0
DA:27,0
DA:29,0
DA:30,0
DA:33,0
DA:35,0
DA:36,0
DA:39,0
DA:40,0
DA:41,0
DA:43,0
DA:44,0
DA:46,0
DA:47,0
LF:21
LH:0
BRDA:27,0,0,0
BRDA:29,1,0,0
BRDA:29,1,1,0
BRDA:35,2,0,0
BRDA:35,2,1,0
BRDA:40,3,0,0
BRDA:40,3,1,0
BRF:7
BRH:0
end_of_record
TN:
SF:src/modules/users/services/SendForgotPasswordEmailService.ts
FN:13,(anonymous_18)
FN:14,SendForgotPasswordEmailService
FN:25,(anonymous_20)
FNF:3
FNH:0
FNDA:0,(anonymous_18)
FNDA:0,SendForgotPasswordEmailService
FNDA:0,(anonymous_20)
DA:1,0
DA:2,0
DA:4,0
DA:13,0
DA:16,0
DA:19,0
DA:22,0
DA:25,0
DA:26,0
DA:28,0
DA:29,0
DA:31,0
DA:33,0
DA:40,0
DA:55,0
DA:56,0
LF:16
LH:0
BRDA:26,0,0,0
BRDA:28,1,0,0
BRDA:28,1,1,0
BRF:3
BRH:0
end_of_record
TN:
SF:src/modules/users/services/UpdateProfileService.ts
FN:17,(anonymous_18)
FN:18,UpdateProfileService
FN:26,(anonymous_20)
FNF:3
FNH:3
FNDA:1,(anonymous_18)
FNDA:2,UpdateProfileService
FNDA:2,(anonymous_20)
DA:1,1
DA:3,1
DA:17,1
DA:20,2
DA:23,2
DA:26,1
DA:27,2
DA:28,2
DA:29,2
DA:30,2
DA:31,2
DA:33,2
DA:35,2
DA:36,0
DA:39,2
DA:40,2
DA:41,0
DA:44,2
DA:48,2
DA:49,1
DA:51,1
DA:54,1
DA:55,1
DA:57,2
DA:59,1
DA:60,1
LF:26
LH:24
BRDA:33,0,0,2
BRDA:35,1,0,0
BRDA:35,1,1,2
BRDA:39,2,0,0
BRDA:39,2,1,2
BRDA:40,3,0,0
BRDA:40,3,1,2
BRDA:48,4,0,1
BRDA:48,4,1,1
BRDA:54,5,0,1
BRDA:54,5,1,0
BRDA:55,6,0,1
BRDA:55,6,1,0
BRF:13
BRH:8
end_of_record
TN:
SF:src/modules/users/services/UpdateUserAvatarService.ts
FN:15,(anonymous_18)
FN:16,UpdateUserAvatarService
FN:24,(anonymous_20)
FNF:3
FNH:0
FNDA:0,(anonymous_18)
FNDA:0,UpdateUserAvatarService
FNDA:0,(anonymous_20)
DA:1,0
DA:3,0
DA:15,0
DA:18,0
DA:21,0
DA:24,0
DA:25,0
DA:27,0
DA:28,0
DA:31,0
DA:32,0
DA:35,0
DA:36,0
DA:38,0
DA:40,0
DA:42,0
DA:43,0
LF:17
LH:0
BRDA:25,0,0,0
BRDA:25,0,1,0
BRDA:27,1,0,0
BRDA:27,1,1,0
BRDA:31,2,0,0
BRDA:31,2,1,0
BRF:6
BRH:0
end_of_record
